c:\users\cetmo\source\repos\assignment1\assignment1\x64\debug\vc143.pdb
c:\users\cetmo\source\repos\assignment1\assignment1\x64\debug\vc143.idb
c:\users\cetmo\source\repos\assignment1\assignment1\x64\debug\assignment1.nativecodeanalysis.sarif
c:\users\cetmo\source\repos\assignment1\assignment1\x64\debug\assignment1.nativecodeanalysis.xml
c:\users\cetmo\source\repos\assignment1\assignment1\x64\debug\car.nativecodeanalysis.sarif
c:\users\cetmo\source\repos\assignment1\assignment1\x64\debug\car.nativecodeanalysis.xml
c:\users\cetmo\source\repos\assignment1\assignment1\x64\debug\trafficcontroller.nativecodeanalysis.sarif
c:\users\cetmo\source\repos\assignment1\assignment1\x64\debug\trafficcontroller.nativecodeanalysis.xml
c:\users\cetmo\source\repos\assignment1\assignment1\x64\debug\trafficlight.nativecodeanalysis.sarif
c:\users\cetmo\source\repos\assignment1\assignment1\x64\debug\trafficlight.nativecodeanalysis.xml
c:\users\cetmo\source\repos\assignment1\assignment1\x64\debug\trafficlight.obj
c:\users\cetmo\source\repos\assignment1\assignment1\x64\debug\trafficcontroller.obj
c:\users\cetmo\source\repos\assignment1\assignment1\x64\debug\car.obj
c:\users\cetmo\source\repos\assignment1\assignment1\x64\debug\assignment1.obj
c:\users\cetmo\source\repos\assignment1\assignment1\x64\debug\assignment1.ilk
c:\users\cetmo\source\repos\assignment1\x64\debug\assignment1.exe
c:\users\cetmo\source\repos\assignment1\x64\debug\assignment1.pdb
c:\users\cetmo\source\repos\assignment1\assignment1\x64\debug\assignment1.res
c:\users\cetmo\source\repos\assignment1\assignment1\x64\debug\vc.nativecodeanalysis.all.xml
c:\users\cetmo\source\repos\assignment1\assignment1\x64\debug\assignment1.tlog\cl.command.1.tlog
c:\users\cetmo\source\repos\assignment1\assignment1\x64\debug\assignment1.tlog\cl.read.1.tlog
c:\users\cetmo\source\repos\assignment1\assignment1\x64\debug\assignment1.tlog\cl.write.1.tlog
c:\users\cetmo\source\repos\assignment1\assignment1\x64\debug\assignment1.tlog\link.command.1.tlog
c:\users\cetmo\source\repos\assignment1\assignment1\x64\debug\assignment1.tlog\link.read.1.tlog
c:\users\cetmo\source\repos\assignment1\assignment1\x64\debug\assignment1.tlog\link.write.1.tlog
c:\users\cetmo\source\repos\assignment1\assignment1\x64\debug\assignment1.tlog\rc.command.1.tlog
c:\users\cetmo\source\repos\assignment1\assignment1\x64\debug\assignment1.tlog\rc.read.1.tlog
c:\users\cetmo\source\repos\assignment1\assignment1\x64\debug\assignment1.tlog\rc.write.1.tlog
